NOP 
LI R1 0001 
LI R2 0001 
ADDU R1 R2 R1 
ADDIU R2 0001 
B fffd 
NOP 
ADDSP3 R0 0000 
ADDSP3 R0 0000 
ADDSP3 R0 0000 
ADDSP3 R0 0000 
ADDSP3 R0 0000 
ADDSP3 R0 0000 
ADDSP3 R0 0000 
ADDSP3 R0 0000 
ADDSP3 R0 0000 
ADDSP3 R0 0000 
ADDSP3 R0 0000 
ADDSP3 R0 0000 
ADDSP3 R0 0000 
ADDSP3 R0 0000 
ADDSP3 R0 0000 
ADDSP3 R0 0000 
ADDSP3 R0 0000 
ADDSP3 R0 0000 
ADDSP3 R0 0000 
ADDSP3 R0 0000 
ADDSP3 R0 0000 
ADDSP3 R0 0000 
ADDSP3 R0 0000 
ADDSP3 R0 0000 
ADDSP3 R0 0000 
