Release 12.4 Map M.81d (nt64)
Xilinx Mapping Report File for Design 'CPU'

Design Information
------------------
Command Line   : map -intstyle ise -p xc3s1200e-fg320-4 -cm area -ir off -pr off
-c 100 -o CPU_map.ncd CPU.ngd CPU.pcf 
Target Device  : xc3s1200e
Target Package : fg320
Target Speed   : -4
Mapper Version : spartan3e -- $Revision: 1.52.76.2 $
Mapped Date    : Wed Dec 04 20:22:08 2013

Design Summary
--------------
Number of errors:      0
Number of warnings:    1
Logic Utilization:
  Total Number Slice Registers:         590 out of  17,344    3%
    Number used as Flip Flops:          540
    Number used as Latches:              50
  Number of 4 input LUTs:             1,796 out of  17,344   10%
Logic Distribution:
  Number of occupied Slices:          1,089 out of   8,672   12%
    Number of Slices containing only related logic:   1,089 out of   1,089 100%
    Number of Slices containing unrelated logic:          0 out of   1,089   0%
      *See NOTES below for an explanation of the effects of unrelated logic.
  Total Number of 4 input LUTs:       1,828 out of  17,344   10%
    Number used as logic:             1,796
    Number used as a route-thru:         32

  The Slice Logic Distribution report is not meaningful if the design is
  over-mapped for a non-slice resource or if Placement fails.

  Number of bonded IOBs:                113 out of     250   45%
    IOB Flip Flops:                      24
  Number of BUFGMUXs:                     3 out of      24   12%

Average Fanout of Non-Clock Nets:                3.82

Peak Memory Usage:  263 MB
Total REAL time to MAP completion:  2 secs 
Total CPU time to MAP completion:   2 secs 

NOTES:

   Related logic is defined as being logic that shares connectivity - e.g. two
   LUTs are "related" if they share common inputs.  When assembling slices,
   Map gives priority to combine logic that is related.  Doing so results in
   the best timing performance.

   Unrelated logic shares no connectivity.  Map will only begin packing
   unrelated logic into a slice once 99% of the slices are occupied through
   related logic packing.

   Note that once logic distribution reaches the 99% level through related
   logic packing, this does not mean the device is completely utilized.
   Unrelated logic packing will then begin, continuing until all usable LUTs
   and FFs are occupied.  Depending on your timing budget, increased levels of
   unrelated logic packing may adversely affect the overall timing performance
   of your design.

Table of Contents
-----------------
Section 1 - Errors
Section 2 - Warnings
Section 3 - Informational
Section 4 - Removed Logic Summary
Section 5 - Removed Logic
Section 6 - IOB Properties
Section 7 - RPMs
Section 8 - Guide Report
Section 9 - Area Group and Partition Summary
Section 10 - Timing Report
Section 11 - Configuration String Information
Section 12 - Control Set Information
Section 13 - Utilization by Hierarchy

Section 1 - Errors
------------------

Section 2 - Warnings
--------------------
WARNING:Security:42 - Your software subscription period has lapsed. Your current
version of Xilinx tools will continue to function, but you no longer qualify for
Xilinx software updates or new releases.
WARNING:PhysDesignRules:372 - Gated clock. Clock net
   My_MemDataMux/MemData_not0001 is sourced by a combinatorial pin. This is not
   good design practice. Use the CE pin to control the loading of data into the
   flip-flop.

Section 3 - Informational
-------------------------
INFO:Security:54 - 'xc3s1200e' is a WebPack part.
INFO:MapLib:562 - No environment variables are currently set.
INFO:LIT:244 - All of the single ended outputs in this design are using slew
   rate limited output drivers. The delay on speed critical single ended outputs
   can be dramatically reduced by designating them as fast outputs.

Section 4 - Removed Logic Summary
---------------------------------
   2 block(s) optimized away

Section 5 - Removed Logic
-------------------------

Optimized Block(s):
TYPE 		BLOCK
GND 		XST_GND
VCC 		XST_VCC

To enable printing of redundant blocks removed and signals merged, set the
detailed map report option and rerun map.

Section 6 - IOB Properties
--------------------------

+---------------------------------------------------------------------------------------------------------------------------------------------------------+
| IOB Name                           | Type             | Direction | IO Standard          | Diff  | Drive    | Slew | Reg (s)      | Resistor | IOB      |
|                                    |                  |           |                      | Term  | Strength | Rate |              |          | Delay    |
+---------------------------------------------------------------------------------------------------------------------------------------------------------+
| CLK_50m                            | IBUF             | INPUT     | LVCMOS25             |       |          |      |              |          | 0 / 0    |
| RST                                | IBUF             | INPUT     | LVCMOS25             |       |          |      |              |          | 0 / 0    |
| data_ready                         | IBUF             | INPUT     | LVCMOS25             |       |          |      |              |          | 0 / 0    |
| display<0>                         | IOB              | OUTPUT    | LVCMOS25             |       | 12       | SLOW |              |          | 0 / 0    |
| display<1>                         | IOB              | OUTPUT    | LVCMOS25             |       | 12       | SLOW |              |          | 0 / 0    |
| display<2>                         | IOB              | OUTPUT    | LVCMOS25             |       | 12       | SLOW |              |          | 0 / 0    |
| display<3>                         | IOB              | OUTPUT    | LVCMOS25             |       | 12       | SLOW |              |          | 0 / 0    |
| display<4>                         | IOB              | OUTPUT    | LVCMOS25             |       | 12       | SLOW |              |          | 0 / 0    |
| display<5>                         | IOB              | OUTPUT    | LVCMOS25             |       | 12       | SLOW |              |          | 0 / 0    |
| display<6>                         | IOB              | OUTPUT    | LVCMOS25             |       | 12       | SLOW |              |          | 0 / 0    |
| display<7>                         | IOB              | OUTPUT    | LVCMOS25             |       | 12       | SLOW |              |          | 0 / 0    |
| display<8>                         | IOB              | OUTPUT    | LVCMOS25             |       | 12       | SLOW |              |          | 0 / 0    |
| display<9>                         | IOB              | OUTPUT    | LVCMOS25             |       | 12       | SLOW |              |          | 0 / 0    |
| display<10>                        | IOB              | OUTPUT    | LVCMOS25             |       | 12       | SLOW |              |          | 0 / 0    |
| display<11>                        | IOB              | OUTPUT    | LVCMOS25             |       | 12       | SLOW |              |          | 0 / 0    |
| display<12>                        | IOB              | OUTPUT    | LVCMOS25             |       | 12       | SLOW |              |          | 0 / 0    |
| display<13>                        | IOB              | OUTPUT    | LVCMOS25             |       | 12       | SLOW |              |          | 0 / 0    |
| display<14>                        | IOB              | OUTPUT    | LVCMOS25             |       | 12       | SLOW |              |          | 0 / 0    |
| display<15>                        | IOB              | OUTPUT    | LVCMOS25             |       | 12       | SLOW |              |          | 0 / 0    |
| inputSW<0>                         | IBUF             | INPUT     | LVCMOS25             |       |          |      |              |          | 0 / 0    |
| inputSW<1>                         | IBUF             | INPUT     | LVCMOS25             |       |          |      |              |          | 0 / 0    |
| inputSW<2>                         | IBUF             | INPUT     | LVCMOS25             |       |          |      |              |          | 0 / 0    |
| inputSW<3>                         | IBUF             | INPUT     | LVCMOS25             |       |          |      |              |          | 0 / 0    |
| inputSW<4>                         | IBUF             | INPUT     | LVCMOS25             |       |          |      |              |          | 0 / 0    |
| inputSW<5>                         | IBUF             | INPUT     | LVCMOS25             |       |          |      |              |          | 0 / 0    |
| inputSW<6>                         | IBUF             | INPUT     | LVCMOS25             |       |          |      |              |          | 0 / 0    |
| inputSW<7>                         | IBUF             | INPUT     | LVCMOS25             |       |          |      |              |          | 0 / 0    |
| inputSW<8>                         | IBUF             | INPUT     | LVCMOS25             |       |          |      |              |          | 0 / 0    |
| inputSW<9>                         | IBUF             | INPUT     | LVCMOS25             |       |          |      |              |          | 0 / 0    |
| inputSW<10>                        | IBUF             | INPUT     | LVCMOS25             |       |          |      |              |          | 0 / 0    |
| inputSW<11>                        | IBUF             | INPUT     | LVCMOS25             |       |          |      |              |          | 0 / 0    |
| inputSW<12>                        | IBUF             | INPUT     | LVCMOS25             |       |          |      |              |          | 0 / 0    |
| inputSW<13>                        | IBUF             | INPUT     | LVCMOS25             |       |          |      |              |          | 0 / 0    |
| inputSW<14>                        | IBUF             | INPUT     | LVCMOS25             |       |          |      |              |          | 0 / 0    |
| inputSW<15>                        | IBUF             | INPUT     | LVCMOS25             |       |          |      |              |          | 0 / 0    |
| ram1_address<0>                    | IOB              | OUTPUT    | LVCMOS25             |       | 12       | SLOW |              |          | 0 / 0    |
| ram1_address<1>                    | IOB              | OUTPUT    | LVCMOS25             |       | 12       | SLOW |              |          | 0 / 0    |
| ram1_address<2>                    | IOB              | OUTPUT    | LVCMOS25             |       | 12       | SLOW |              |          | 0 / 0    |
| ram1_address<3>                    | IOB              | OUTPUT    | LVCMOS25             |       | 12       | SLOW |              |          | 0 / 0    |
| ram1_address<4>                    | IOB              | OUTPUT    | LVCMOS25             |       | 12       | SLOW |              |          | 0 / 0    |
| ram1_address<5>                    | IOB              | OUTPUT    | LVCMOS25             |       | 12       | SLOW |              |          | 0 / 0    |
| ram1_address<6>                    | IOB              | OUTPUT    | LVCMOS25             |       | 12       | SLOW |              |          | 0 / 0    |
| ram1_address<7>                    | IOB              | OUTPUT    | LVCMOS25             |       | 12       | SLOW |              |          | 0 / 0    |
| ram1_address<8>                    | IOB              | OUTPUT    | LVCMOS25             |       | 12       | SLOW |              |          | 0 / 0    |
| ram1_address<9>                    | IOB              | OUTPUT    | LVCMOS25             |       | 12       | SLOW |              |          | 0 / 0    |
| ram1_address<10>                   | IOB              | OUTPUT    | LVCMOS25             |       | 12       | SLOW |              |          | 0 / 0    |
| ram1_address<11>                   | IOB              | OUTPUT    | LVCMOS25             |       | 12       | SLOW |              |          | 0 / 0    |
| ram1_address<12>                   | IOB              | OUTPUT    | LVCMOS25             |       | 12       | SLOW |              |          | 0 / 0    |
| ram1_address<13>                   | IOB              | OUTPUT    | LVCMOS25             |       | 12       | SLOW |              |          | 0 / 0    |
| ram1_address<14>                   | IOB              | OUTPUT    | LVCMOS25             |       | 12       | SLOW |              |          | 0 / 0    |
| ram1_address<15>                   | IOB              | OUTPUT    | LVCMOS25             |       | 12       | SLOW |              |          | 0 / 0    |
| ram1_address<16>                   | IOB              | OUTPUT    | LVCMOS25             |       | 12       | SLOW |              |          | 0 / 0    |
| ram1_address<17>                   | IOB              | OUTPUT    | LVCMOS25             |       | 12       | SLOW |              |          | 0 / 0    |
| ram1_data<0>                       | IOB              | BIDIR     | LVCMOS25             |       | 12       | SLOW | OFF1         |          | 0 / 0    |
| ram1_data<1>                       | IOB              | BIDIR     | LVCMOS25             |       | 12       | SLOW | OFF1         |          | 0 / 0    |
| ram1_data<2>                       | IOB              | BIDIR     | LVCMOS25             |       | 12       | SLOW | OFF1         |          | 0 / 0    |
| ram1_data<3>                       | IOB              | BIDIR     | LVCMOS25             |       | 12       | SLOW | OFF1         |          | 0 / 0    |
| ram1_data<4>                       | IOB              | BIDIR     | LVCMOS25             |       | 12       | SLOW | OFF1         |          | 0 / 0    |
| ram1_data<5>                       | IOB              | BIDIR     | LVCMOS25             |       | 12       | SLOW | OFF1         |          | 0 / 0    |
| ram1_data<6>                       | IOB              | BIDIR     | LVCMOS25             |       | 12       | SLOW | OFF1         |          | 0 / 0    |
| ram1_data<7>                       | IOB              | BIDIR     | LVCMOS25             |       | 12       | SLOW | OFF1         |          | 0 / 0    |
| ram1_data<8>                       | IOB              | BIDIR     | LVCMOS25             |       | 12       | SLOW |              |          | 0 / 0    |
| ram1_data<9>                       | IOB              | BIDIR     | LVCMOS25             |       | 12       | SLOW |              |          | 0 / 0    |
| ram1_data<10>                      | IOB              | BIDIR     | LVCMOS25             |       | 12       | SLOW |              |          | 0 / 0    |
| ram1_data<11>                      | IOB              | BIDIR     | LVCMOS25             |       | 12       | SLOW |              |          | 0 / 0    |
| ram1_data<12>                      | IOB              | BIDIR     | LVCMOS25             |       | 12       | SLOW |              |          | 0 / 0    |
| ram1_data<13>                      | IOB              | BIDIR     | LVCMOS25             |       | 12       | SLOW |              |          | 0 / 0    |
| ram1_data<14>                      | IOB              | BIDIR     | LVCMOS25             |       | 12       | SLOW |              |          | 0 / 0    |
| ram1_data<15>                      | IOB              | BIDIR     | LVCMOS25             |       | 12       | SLOW |              |          | 0 / 0    |
| ram1_en                            | IOB              | OUTPUT    | LVCMOS25             |       | 12       | SLOW |              |          | 0 / 0    |
| ram1_oe                            | IOB              | OUTPUT    | LVCMOS25             |       | 12       | SLOW |              |          | 0 / 0    |
| ram1_rw                            | IOB              | OUTPUT    | LVCMOS25             |       | 12       | SLOW |              |          | 0 / 0    |
| ram2_address<0>                    | IOB              | OUTPUT    | LVCMOS25             |       | 12       | SLOW |              |          | 0 / 0    |
| ram2_address<1>                    | IOB              | OUTPUT    | LVCMOS25             |       | 12       | SLOW |              |          | 0 / 0    |
| ram2_address<2>                    | IOB              | OUTPUT    | LVCMOS25             |       | 12       | SLOW |              |          | 0 / 0    |
| ram2_address<3>                    | IOB              | OUTPUT    | LVCMOS25             |       | 12       | SLOW |              |          | 0 / 0    |
| ram2_address<4>                    | IOB              | OUTPUT    | LVCMOS25             |       | 12       | SLOW |              |          | 0 / 0    |
| ram2_address<5>                    | IOB              | OUTPUT    | LVCMOS25             |       | 12       | SLOW |              |          | 0 / 0    |
| ram2_address<6>                    | IOB              | OUTPUT    | LVCMOS25             |       | 12       | SLOW |              |          | 0 / 0    |
| ram2_address<7>                    | IOB              | OUTPUT    | LVCMOS25             |       | 12       | SLOW |              |          | 0 / 0    |
| ram2_address<8>                    | IOB              | OUTPUT    | LVCMOS25             |       | 12       | SLOW |              |          | 0 / 0    |
| ram2_address<9>                    | IOB              | OUTPUT    | LVCMOS25             |       | 12       | SLOW |              |          | 0 / 0    |
| ram2_address<10>                   | IOB              | OUTPUT    | LVCMOS25             |       | 12       | SLOW |              |          | 0 / 0    |
| ram2_address<11>                   | IOB              | OUTPUT    | LVCMOS25             |       | 12       | SLOW |              |          | 0 / 0    |
| ram2_address<12>                   | IOB              | OUTPUT    | LVCMOS25             |       | 12       | SLOW |              |          | 0 / 0    |
| ram2_address<13>                   | IOB              | OUTPUT    | LVCMOS25             |       | 12       | SLOW |              |          | 0 / 0    |
| ram2_address<14>                   | IOB              | OUTPUT    | LVCMOS25             |       | 12       | SLOW |              |          | 0 / 0    |
| ram2_address<15>                   | IOB              | OUTPUT    | LVCMOS25             |       | 12       | SLOW |              |          | 0 / 0    |
| ram2_address<16>                   | IOB              | OUTPUT    | LVCMOS25             |       | 12       | SLOW |              |          | 0 / 0    |
| ram2_address<17>                   | IOB              | OUTPUT    | LVCMOS25             |       | 12       | SLOW |              |          | 0 / 0    |
| ram2_data<0>                       | IOB              | BIDIR     | LVCMOS25             |       | 12       | SLOW | OFF1         |          | 0 / 0    |
| ram2_data<1>                       | IOB              | BIDIR     | LVCMOS25             |       | 12       | SLOW | OFF1         |          | 0 / 0    |
| ram2_data<2>                       | IOB              | BIDIR     | LVCMOS25             |       | 12       | SLOW | OFF1         |          | 0 / 0    |
| ram2_data<3>                       | IOB              | BIDIR     | LVCMOS25             |       | 12       | SLOW | OFF1         |          | 0 / 0    |
| ram2_data<4>                       | IOB              | BIDIR     | LVCMOS25             |       | 12       | SLOW | OFF1         |          | 0 / 0    |
| ram2_data<5>                       | IOB              | BIDIR     | LVCMOS25             |       | 12       | SLOW | OFF1         |          | 0 / 0    |
| ram2_data<6>                       | IOB              | BIDIR     | LVCMOS25             |       | 12       | SLOW | OFF1         |          | 0 / 0    |
| ram2_data<7>                       | IOB              | BIDIR     | LVCMOS25             |       | 12       | SLOW | OFF1         |          | 0 / 0    |
| ram2_data<8>                       | IOB              | BIDIR     | LVCMOS25             |       | 12       | SLOW | OFF1         |          | 0 / 0    |
| ram2_data<9>                       | IOB              | BIDIR     | LVCMOS25             |       | 12       | SLOW | OFF1         |          | 0 / 0    |
| ram2_data<10>                      | IOB              | BIDIR     | LVCMOS25             |       | 12       | SLOW | OFF1         |          | 0 / 0    |
| ram2_data<11>                      | IOB              | BIDIR     | LVCMOS25             |       | 12       | SLOW | OFF1         |          | 0 / 0    |
| ram2_data<12>                      | IOB              | BIDIR     | LVCMOS25             |       | 12       | SLOW | OFF1         |          | 0 / 0    |
| ram2_data<13>                      | IOB              | BIDIR     | LVCMOS25             |       | 12       | SLOW | OFF1         |          | 0 / 0    |
| ram2_data<14>                      | IOB              | BIDIR     | LVCMOS25             |       | 12       | SLOW | OFF1         |          | 0 / 0    |
| ram2_data<15>                      | IOB              | BIDIR     | LVCMOS25             |       | 12       | SLOW | OFF1         |          | 0 / 0    |
| ram2_en                            | IOB              | OUTPUT    | LVCMOS25             |       | 12       | SLOW |              |          | 0 / 0    |
| ram2_oe                            | IOB              | OUTPUT    | LVCMOS25             |       | 12       | SLOW |              |          | 0 / 0    |
| ram2_rw                            | IOB              | OUTPUT    | LVCMOS25             |       | 12       | SLOW |              |          | 0 / 0    |
| rdn                                | IOB              | OUTPUT    | LVCMOS25             |       | 12       | SLOW |              |          | 0 / 0    |
| tbre                               | IBUF             | INPUT     | LVCMOS25             |       |          |      |              |          | 0 / 0    |
| tsre                               | IBUF             | INPUT     | LVCMOS25             |       |          |      |              |          | 0 / 0    |
| wrn                                | IOB              | OUTPUT    | LVCMOS25             |       | 12       | SLOW |              |          | 0 / 0    |
+---------------------------------------------------------------------------------------------------------------------------------------------------------+

Section 7 - RPMs
----------------

Section 8 - Guide Report
------------------------
Guide not run on this design.

Section 9 - Area Group and Partition Summary
--------------------------------------------

Partition Implementation Status
-------------------------------

  No Partitions were found in this design.

-------------------------------

Area Group Information
----------------------

  No area groups were found in this design.

----------------------

Section 10 - Timing Report
--------------------------
This design was not run using timing mode.

Section 11 - Configuration String Details
-----------------------------------------
Use the "-detail" map option to print out Configuration Strings

Section 12 - Control Set Information
------------------------------------
No control set information for this architecture.

Section 13 - Utilization by Hierarchy
-------------------------------------
Use the "-detail" map option to print out the Utilization by Hierarchy section.
